Base path: C:/Program Files/Unity 2018.1.0b10/2018.3.0b7/Editor/Data
Cmd: initializeCompiler
Cmd: compileComputeKernel
  api=4 insize=13661 outsize=83453 ok=1
Cmd: compileComputeKernel
  api=4 insize=13661 outsize=56377 ok=1
Cmd: compileComputeKernel
  api=4 insize=13661 outsize=43117 ok=1
Cmd: compileComputeKernel
  api=4 insize=26681 outsize=15341 ok=1
Cmd: compileComputeKernel
  api=4 insize=2863 outsize=47805 ok=1
Cmd: compileComputeKernel
  api=4 insize=11176 outsize=9693 ok=1
Cmd: compileComputeKernel
  api=4 insize=5022 outsize=9129 ok=1
Cmd: compileComputeKernel
  api=4 insize=3532 outsize=2581 ok=1
Cmd: compileComputeKernel
  api=4 insize=6353 outsize=1037 ok=1
Cmd: compileComputeKernel
  api=4 insize=18731 outsize=10769 ok=1
Cmd: compileComputeKernel
  api=4 insize=19063 outsize=14753 ok=1
Cmd: compileComputeKernel
  api=4 insize=1504 outsize=561 ok=1
Cmd: compileComputeKernel
  api=4 insize=20364 outsize=27305 ok=1
Cmd: compileComputeKernel
  api=4 insize=35430 outsize=31865 ok=1
Cmd: compileComputeKernel
  api=4 insize=7550 outsize=2077 ok=1
Cmd: compileComputeKernel
  error: 1 plat 4 at Sort.compute(147): loop only executes for 1 iteration(s), forcing loop to unroll
  error: 1 plat 4 at Sort.compute(200): loop only executes for 1 iteration(s), forcing loop to unroll
  api=4 insize=9718 outsize=2481 ok=1
Cmd: compileComputeKernel
  api=4 insize=16866 outsize=5929 ok=1
Cmd: compileComputeKernel
  api=4 insize=16866 outsize=7029 ok=1
Cmd: compileComputeKernel
  api=4 insize=16866 outsize=8317 ok=1
Cmd: compileComputeKernel
  api=4 insize=16866 outsize=8269 ok=1
Cmd: compileComputeKernel
  api=4 insize=16866 outsize=9485 ok=1
Cmd: compileComputeKernel
  api=4 insize=16866 outsize=11449 ok=1
Cmd: compileComputeKernel
  api=4 insize=3213 outsize=4121 ok=1
Unhandled exception: Protocol error - unexpected end of data (did the Editor crash?)

Quitting shader compiler process
